2018-12-19 16:20:57,180 INFO  [Log]  
2018-12-20 08:43:13,151 INFO  [Log] Start test: generateInvitation 
2018-12-20 08:43:13,151 INFO  [Log]  
2018-12-20 08:43:13,151 INFO  [Log] End test: generateInvitation 
2018-12-20 08:44:46,301 INFO  [Log] Start test: generateInvitation 
2018-12-20 09:37:19,268 INFO  [Log]  
2018-12-20 09:37:19,276 INFO  [Log] End test: generateInvitation 
2018-12-20 09:42:41,047 INFO  [Log] Start test: generateInvitation 
2018-12-20 09:42:44,348 INFO  [Log]  
2018-12-20 09:42:44,351 INFO  [Log] End test: generateInvitation 
2018-12-20 09:43:43,264 INFO  [Log] Start test: generateInvitation 
2018-12-20 11:05:16,845 INFO  [Log] Start test: generateInvitation 
2018-12-20 11:05:20,618 INFO  [Log]  
2018-12-20 11:05:20,621 INFO  [Log] End test: generateInvitation 
2018-12-20 11:13:17,313 INFO  [Log] Start test: generateInvitation 
2018-12-20 11:13:40,660 INFO  [Log] End test: generateInvitation 
2018-12-20 11:20:35,121 INFO  [Log] Start test: generateInvitation 
2018-12-20 11:20:42,637 INFO  [Log] End test: generateInvitation 
2018-12-20 11:21:36,246 INFO  [Log] Start test: generateInvitation 
2018-12-20 11:25:34,233 INFO  [Log] End test: generateInvitation 
2018-12-20 11:29:11,235 INFO  [Log] Start test: generateInvitation 
2018-12-20 11:29:29,161 INFO  [Log] End test: generateInvitation 
2018-12-20 11:31:34,708 INFO  [Log] Start test: generateInvitation 
2018-12-20 11:32:17,684 INFO  [Log] End test: generateInvitation 
2018-12-20 11:35:39,945 INFO  [Log] Start test: generateInvitation 
2018-12-20 11:35:44,003 INFO  [Log] End test: generateInvitation 
2018-12-20 11:39:09,343 INFO  [Log] Start test: generateInvitation 
2018-12-20 11:39:22,770 INFO  [Log] End test: generateInvitation 
2018-12-20 11:46:32,448 INFO  [Log] Start test: generateInvitation 
2018-12-20 11:46:44,817 INFO  [Log] End test: generateInvitation 
2018-12-20 11:50:12,113 INFO  [Log] Start test: generateInvitation 
2018-12-20 11:50:53,699 INFO  [Log] End test: generateInvitation 
2018-12-20 11:56:24,408 INFO  [Log] Start test: generateInvitation 
2018-12-20 11:56:38,510 INFO  [Log] End test: generateInvitation 
2018-12-20 11:58:30,637 INFO  [Log] Start test: generateInvitation 
2018-12-20 11:58:38,291 INFO  [Log] End test: generateInvitation 
2018-12-20 12:02:38,035 INFO  [Log] Start test: generateInvitation 
2018-12-20 12:02:46,079 INFO  [Log] End test: generateInvitation 
2018-12-20 12:05:00,729 INFO  [Log] Start test: generateInvitation 
2018-12-20 12:06:36,097 INFO  [Log] Start test: generateInvitation 
2018-12-20 12:06:40,851 INFO  [Log] End test: generateInvitation 
2018-12-20 12:11:26,375 INFO  [Log] Start test: generateInvitation 
2018-12-20 12:11:30,475 INFO  [Log] End test: generateInvitation 
2018-12-20 12:12:56,150 INFO  [Log] Start test: generateInvitation 
2018-12-20 12:13:00,199 INFO  [Log] End test: generateInvitation 
2018-12-20 12:43:14,351 INFO  [Log] Start test: generateInvitation 
2018-12-20 14:07:53,654 INFO  [Log] chrome not reachable
  (Session info: chrome=71.0.3578.98)
  (Driver info: chromedriver=2.40.565498 (ea082db3280dd6843ebfb08a625e3eb905c4f5ab),platform=Windows NT 10.0.15063 x86_64) (WARNING: The server did not provide any stacktrace information)
Command duration or timeout: 0 milliseconds
Build info: version: '3.14.0', revision: 'aacccce0', time: '2018-08-02T20:19:58.91Z'
System info: host: 'SMSL044', ip: '192.168.252.2', os.name: 'Windows 10', os.arch: 'amd64', os.version: '10.0', java.version: '1.8.0_171'
Driver info: org.openqa.selenium.chrome.ChromeDriver
Capabilities {acceptInsecureCerts: false, acceptSslCerts: false, applicationCacheEnabled: false, browserConnectionEnabled: false, browserName: chrome, chrome: {chromedriverVersion: 2.40.565498 (ea082db3280dd6..., userDataDir: C:\Users\ntedesco\AppData\L...}, cssSelectorsEnabled: true, databaseEnabled: false, handlesAlerts: true, hasTouchScreen: false, javascriptEnabled: true, locationContextEnabled: true, mobileEmulationEnabled: false, nativeEvents: true, networkConnectionEnabled: false, pageLoadStrategy: normal, platform: XP, platformName: XP, rotatable: false, setWindowRect: true, takesHeapSnapshot: true, takesScreenshot: true, unexpectedAlertBehaviour: , unhandledPromptBehavior: , version: 71.0.3578.98, webStorageEnabled: true}
Session ID: 034c07a841b748495ff39128e577c59e 
2018-12-20 14:07:53,656 INFO  [Log] End test: generateInvitation 
2018-12-20 14:09:22,879 INFO  [Log] Start test: generateInvitation 
2018-12-20 14:09:27,130 INFO  [Log] generateInvitation: Pasa 
2018-12-20 14:09:27,130 INFO  [Log] End test: generateInvitation 
2018-12-20 14:10:20,927 INFO  [Log] Start test: generateInvitation 
2018-12-20 14:10:49,738 INFO  [Log] generateInvitation: Pasa 
2018-12-20 14:10:49,738 INFO  [Log] End test: generateInvitation 
2018-12-20 14:14:20,844 INFO  [Log] Start test: generateInvitation 
2018-12-20 14:14:25,022 INFO  [Log] generateInvitation: Pasa 
2018-12-20 14:14:25,022 INFO  [Log] End test: generateInvitation 
2018-12-20 14:15:49,771 INFO  [Log] Start test: generateInvitation 
2018-12-20 14:15:53,674 INFO  [Log] generateInvitation: Pasa 
2018-12-20 14:15:53,674 INFO  [Log] End test: generateInvitation 
2018-12-20 14:21:51,833 INFO  [Log] Start test: generateInvitation 
2018-12-20 14:22:09,848 INFO  [Log] generateInvitation: Pasa 
2018-12-20 14:22:09,849 INFO  [Log] End test: generateInvitation 
2018-12-20 14:23:54,134 INFO  [Log] Start test: generateInvitation 
2018-12-20 14:28:43,661 INFO  [Log] Start test: generateInvitation 
2018-12-20 14:28:47,230 INFO  [Log] generateInvitation: Pasa 
2018-12-20 14:28:47,230 INFO  [Log] End test: generateInvitation 
2018-12-20 14:30:57,287 INFO  [Log] Start test: generateInvitation 
2018-12-20 14:31:13,560 INFO  [Log] generateInvitation: Pasa 
2018-12-20 14:31:13,560 INFO  [Log] End test: generateInvitation 
2018-12-20 14:33:32,826 INFO  [Log] Start test: generateInvitation 
2018-12-20 14:33:36,461 INFO  [Log] generateInvitation: Pasa 
2018-12-20 14:33:36,461 INFO  [Log] End test: generateInvitation 
2018-12-20 14:36:24,407 INFO  [Log] Start test: generateInvitation 
2018-12-20 14:36:28,661 INFO  [Log] generateInvitation: Pasa 
2018-12-20 14:36:28,661 INFO  [Log] End test: generateInvitation 
2018-12-20 14:39:45,234 INFO  [Log] Start test: generateInvitation 
2018-12-20 14:39:49,367 INFO  [Log] generateInvitation: Pasa 
2018-12-20 14:39:49,367 INFO  [Log] End test: generateInvitation 
2018-12-20 14:39:54,141 INFO  [Log] Sent message successfully.... 
2018-12-20 16:57:07,141 INFO  [Log] Start test: generateInvitation 
2018-12-20 16:57:26,130 INFO  [Log]  
2018-12-20 16:57:26,130 INFO  [Log] End test: generateInvitation 
2018-12-20 16:58:36,593 INFO  [Log] Start test: generateInvitation 
2018-12-20 16:59:25,021 INFO  [Log]  
2018-12-20 16:59:25,022 INFO  [Log] End test: generateInvitation 
2018-12-20 17:04:21,522 INFO  [Log] Start test: generateInvitation 
2018-12-20 17:05:38,578 INFO  [Log]  
2018-12-20 17:05:38,578 INFO  [Log] End test: generateInvitation 
2018-12-20 17:05:44,422 INFO  [Log] Start test: generateInvitation 
2018-12-20 17:06:07,728 INFO  [Log]  
2018-12-20 17:06:07,728 INFO  [Log] End test: generateInvitation 
2018-12-20 17:08:35,135 INFO  [Log] Start test: generateInvitation 
2018-12-20 17:08:47,354 INFO  [Log]  
2018-12-20 17:08:47,354 INFO  [Log] End test: generateInvitation 
2018-12-21 09:32:52,976 INFO  [Log] Start test: generateInvitation 
2018-12-21 09:32:52,977 INFO  [Log]  
2018-12-21 09:32:52,977 INFO  [Log] End test: generateInvitation 
2018-12-21 09:33:34,449 INFO  [Log] Start test: generateInvitation 
2018-12-21 09:33:34,449 INFO  [Log]  
2018-12-21 09:33:34,449 INFO  [Log] End test: generateInvitation 
2018-12-21 09:34:22,241 INFO  [Log] Start test: generateInvitation 
2018-12-21 09:34:22,241 INFO  [Log]  
2018-12-21 09:34:22,241 INFO  [Log] End test: generateInvitation 
2018-12-21 09:35:35,544 INFO  [Log] Start test: generateInvitation 
2018-12-21 09:35:35,545 INFO  [Log]  
2018-12-21 09:35:35,545 INFO  [Log] End test: generateInvitation 
2018-12-21 09:36:26,384 INFO  [Log] Start test: generateInvitation 
2018-12-21 09:36:26,385 INFO  [Log]  
2018-12-21 09:36:26,385 INFO  [Log] End test: generateInvitation 
2018-12-21 14:41:46,759 INFO  [Log] Start test: generateInvitation 
2018-12-21 14:42:09,754 INFO  [Log] End test: generateInvitation 
2018-12-21 14:42:15,522 INFO  [Log] Sent message successfully.... 
2018-12-21 14:42:51,723 INFO  [Log] Start test: generateInvitation 
2018-12-21 14:42:51,724 INFO  [Log]  
2018-12-21 14:42:51,724 INFO  [Log] End test: generateInvitation 
2018-12-21 14:43:22,709 INFO  [Log] Start test: generateInvitation 
2018-12-21 14:43:39,457 INFO  [Log] End test: generateInvitation 
2018-12-21 14:43:44,989 INFO  [Log] Sent message successfully.... 
2018-12-21 14:46:07,615 INFO  [Log] Start test: generateInvitation 
2018-12-21 14:50:50,436 INFO  [Log] Start test: generateInvitation 
2018-12-21 14:50:50,436 INFO  [Log]  
2018-12-21 14:50:50,436 INFO  [Log] End test: generateInvitation 
2018-12-21 14:52:07,831 INFO  [Log] Start test: generateInvitation 
2018-12-21 14:52:07,832 INFO  [Log]  
2018-12-21 14:52:07,832 INFO  [Log] End test: generateInvitation 
2018-12-21 14:54:44,150 INFO  [Log] Start test: generateInvitation 
2018-12-21 14:55:06,006 INFO  [Log] End test: generateInvitation 
2018-12-21 14:55:11,514 INFO  [Log] Sent message successfully.... 
2018-12-21 14:55:35,514 INFO  [Log] Start test: generateInvitation 
2018-12-21 14:56:00,808 INFO  [Log] generateInvitation: Pasa 
2018-12-21 14:56:00,808 INFO  [Log] End test: generateInvitation 
2018-12-21 14:56:05,815 INFO  [Log] Sent message successfully.... 
2018-12-21 15:00:25,416 INFO  [Log] Start test: generateInvitation 
2018-12-21 15:01:37,315 INFO  [Log] generateInvitation: Pasa 
2018-12-21 15:01:37,315 INFO  [Log] End test: generateInvitation 
2018-12-21 15:01:44,608 INFO  [Log] Sent message successfully.... 
2018-12-21 15:17:56,920 INFO  [Log] Start test: generateInvitation 
2018-12-21 15:19:51,134 INFO  [Log] Start test: generateInvitation 
2018-12-21 15:21:25,374 INFO  [Log]  
2018-12-21 15:21:25,374 INFO  [Log] generateInvitation: Falla 
2018-12-21 15:21:25,374 INFO  [Log] End test: generateInvitation 
2018-12-21 15:21:59,804 INFO  [Log] Start test: generateInvitation 
2018-12-21 15:22:12,964 INFO  [Log] no such frame: element is not a frame
  (Session info: chrome=71.0.3578.98)
  (Driver info: chromedriver=2.40.565498 (ea082db3280dd6843ebfb08a625e3eb905c4f5ab),platform=Windows NT 10.0.15063 x86_64) (WARNING: The server did not provide any stacktrace information)
Command duration or timeout: 0 milliseconds
Build info: version: '3.14.0', revision: 'aacccce0', time: '2018-08-02T20:19:58.91Z'
System info: host: 'SMSL044', ip: '100.1.10.235', os.name: 'Windows 10', os.arch: 'amd64', os.version: '10.0', java.version: '1.8.0_171'
Driver info: org.openqa.selenium.chrome.ChromeDriver
Capabilities {acceptInsecureCerts: false, acceptSslCerts: false, applicationCacheEnabled: false, browserConnectionEnabled: false, browserName: chrome, chrome: {chromedriverVersion: 2.40.565498 (ea082db3280dd6..., userDataDir: C:\Users\ntedesco\AppData\L...}, cssSelectorsEnabled: true, databaseEnabled: false, handlesAlerts: true, hasTouchScreen: false, javascriptEnabled: true, locationContextEnabled: true, mobileEmulationEnabled: false, nativeEvents: true, networkConnectionEnabled: false, pageLoadStrategy: normal, platform: XP, platformName: XP, rotatable: false, setWindowRect: true, takesHeapSnapshot: true, takesScreenshot: true, unexpectedAlertBehaviour: , unhandledPromptBehavior: , version: 71.0.3578.98, webStorageEnabled: true}
Session ID: c702c1260f385f07eb77217510a74c2d 
2018-12-21 15:22:12,964 INFO  [Log] generateInvitation: Falla 
2018-12-21 15:22:12,964 INFO  [Log] End test: generateInvitation 
2018-12-21 15:22:18,553 INFO  [Log] Sent message successfully.... 
2018-12-21 15:22:37,998 INFO  [Log] Start test: generateInvitation 
2018-12-21 15:23:22,546 INFO  [Log] no such frame: element is not a frame
  (Session info: chrome=71.0.3578.98)
  (Driver info: chromedriver=2.40.565498 (ea082db3280dd6843ebfb08a625e3eb905c4f5ab),platform=Windows NT 10.0.15063 x86_64) (WARNING: The server did not provide any stacktrace information)
Command duration or timeout: 0 milliseconds
Build info: version: '3.14.0', revision: 'aacccce0', time: '2018-08-02T20:19:58.91Z'
System info: host: 'SMSL044', ip: '100.1.10.235', os.name: 'Windows 10', os.arch: 'amd64', os.version: '10.0', java.version: '1.8.0_171'
Driver info: org.openqa.selenium.chrome.ChromeDriver
Capabilities {acceptInsecureCerts: false, acceptSslCerts: false, applicationCacheEnabled: false, browserConnectionEnabled: false, browserName: chrome, chrome: {chromedriverVersion: 2.40.565498 (ea082db3280dd6..., userDataDir: C:\Users\ntedesco\AppData\L...}, cssSelectorsEnabled: true, databaseEnabled: false, handlesAlerts: true, hasTouchScreen: false, javascriptEnabled: true, locationContextEnabled: true, mobileEmulationEnabled: false, nativeEvents: true, networkConnectionEnabled: false, pageLoadStrategy: normal, platform: XP, platformName: XP, rotatable: false, setWindowRect: true, takesHeapSnapshot: true, takesScreenshot: true, unexpectedAlertBehaviour: , unhandledPromptBehavior: , version: 71.0.3578.98, webStorageEnabled: true}
Session ID: e74d556fd98c3adcf348e87a7875cd17 
2018-12-21 15:23:22,547 INFO  [Log] generateInvitation: Falla 
2018-12-21 15:23:22,547 INFO  [Log] End test: generateInvitation 
2018-12-21 15:24:15,936 INFO  [Log] Start test: generateInvitation 
2018-12-21 15:24:56,618 INFO  [Log] generateInvitation: Pasa 
2018-12-21 15:24:56,618 INFO  [Log] End test: generateInvitation 
2018-12-21 15:25:01,777 INFO  [Log] Sent message successfully.... 
2018-12-21 15:26:06,890 INFO  [Log] Start test: generateInvitation 
2018-12-21 15:27:18,624 INFO  [Log] Start test: generateInvitation 
2018-12-21 15:29:46,268 INFO  [Log] Start test: generateInvitation 
2018-12-21 15:31:05,010 INFO  [Log] Start test: generateInvitation 
2018-12-21 15:39:16,878 INFO  [Log] Start test: generateInvitation 
2018-12-21 15:53:18,216 INFO  [Log] Start test: generateInvitation 
2018-12-21 15:54:01,828 INFO  [Log]  
2018-12-21 15:54:01,828 INFO  [Log] generateInvitation: Falla 
2018-12-21 15:54:01,828 INFO  [Log] End test: generateInvitation 
2018-12-21 15:54:30,906 INFO  [Log] Start test: generateInvitation 
2018-12-21 15:55:55,086 INFO  [Log] Expected condition failed: waiting for value to contain "Invitación Enviada.". Current value: "null" (tried for 30 second(s) with 500 milliseconds interval)
Build info: version: '3.14.0', revision: 'aacccce0', time: '2018-08-02T20:19:58.91Z'
System info: host: 'SMSL044', ip: '100.1.10.235', os.name: 'Windows 10', os.arch: 'amd64', os.version: '10.0', java.version: '1.8.0_171'
Driver info: org.openqa.selenium.chrome.ChromeDriver
Capabilities {acceptInsecureCerts: false, acceptSslCerts: false, applicationCacheEnabled: false, browserConnectionEnabled: false, browserName: chrome, chrome: {chromedriverVersion: 2.40.565498 (ea082db3280dd6..., userDataDir: C:\Users\ntedesco\AppData\L...}, cssSelectorsEnabled: true, databaseEnabled: false, handlesAlerts: true, hasTouchScreen: false, javascriptEnabled: true, locationContextEnabled: true, mobileEmulationEnabled: false, nativeEvents: true, networkConnectionEnabled: false, pageLoadStrategy: normal, platform: XP, platformName: XP, rotatable: false, setWindowRect: true, takesHeapSnapshot: true, takesScreenshot: true, unexpectedAlertBehaviour: , unhandledPromptBehavior: , version: 71.0.3578.98, webStorageEnabled: true}
Session ID: a8f3445826477a8c4759d220ccfb3079 
2018-12-21 15:55:55,087 INFO  [Log] generateInvitation: Falla 
2018-12-21 15:55:55,087 INFO  [Log] End test: generateInvitation 
2018-12-21 15:56:01,123 INFO  [Log] Sent message successfully.... 
2018-12-21 15:57:15,437 INFO  [Log] Start test: generateInvitation 
2018-12-21 15:58:02,444 INFO  [Log]  
2018-12-21 15:58:02,444 INFO  [Log] generateInvitation: Falla 
2018-12-21 15:58:02,444 INFO  [Log] End test: generateInvitation 
2018-12-21 15:58:28,182 INFO  [Log] Start test: generateInvitation 
2018-12-21 16:00:14,391 INFO  [Log] Start test: generateInvitation 
2018-12-21 16:02:32,138 INFO  [Log]  
2018-12-21 16:02:32,138 INFO  [Log] generateInvitation: Falla 
2018-12-21 16:02:32,138 INFO  [Log] End test: generateInvitation 
2018-12-21 16:03:03,345 INFO  [Log] Start test: generateInvitation 
2018-12-21 16:03:25,693 INFO  [Log] generateInvitation: Pasa 
2018-12-21 16:03:25,693 INFO  [Log] End test: generateInvitation 
2018-12-21 16:03:30,966 INFO  [Log] Sent message successfully.... 
2018-12-23 20:02:14,268 INFO  [Log] Start test: generateInvitation 
2018-12-23 20:02:27,075 INFO  [Log] unknown error: Element <li>...</li> is not clickable at point (1096, 25). Other element would receive the click: <div class="toast toast-success" ng-click="tapToast()">...</div>
  (Session info: chrome=71.0.3578.98)
  (Driver info: chromedriver=2.40.565498 (ea082db3280dd6843ebfb08a625e3eb905c4f5ab),platform=Windows NT 10.0.15063 x86_64) (WARNING: The server did not provide any stacktrace information)
Command duration or timeout: 0 milliseconds
Build info: version: '3.14.0', revision: 'aacccce0', time: '2018-08-02T20:19:58.91Z'
System info: host: 'SMSL044', ip: '192.168.252.2', os.name: 'Windows 10', os.arch: 'amd64', os.version: '10.0', java.version: '1.8.0_171'
Driver info: org.openqa.selenium.chrome.ChromeDriver
Capabilities {acceptInsecureCerts: false, acceptSslCerts: false, applicationCacheEnabled: false, browserConnectionEnabled: false, browserName: chrome, chrome: {chromedriverVersion: 2.40.565498 (ea082db3280dd6..., userDataDir: C:\Users\ntedesco\AppData\L...}, cssSelectorsEnabled: true, databaseEnabled: false, handlesAlerts: true, hasTouchScreen: false, javascriptEnabled: true, locationContextEnabled: true, mobileEmulationEnabled: false, nativeEvents: true, networkConnectionEnabled: false, pageLoadStrategy: normal, platform: XP, platformName: XP, rotatable: false, setWindowRect: true, takesHeapSnapshot: true, takesScreenshot: true, unexpectedAlertBehaviour: , unhandledPromptBehavior: , version: 71.0.3578.98, webStorageEnabled: true}
Session ID: 17a62abc853b4f8c495108f835b89817 
2018-12-23 20:02:27,075 INFO  [Log] generateInvitation: Falla 
2018-12-23 20:02:27,075 INFO  [Log] End test: generateInvitation 
2018-12-23 20:02:33,334 INFO  [Log] Sent message successfully.... 
2018-12-23 20:03:44,095 INFO  [Log] Start test: generateInvitation 
2018-12-23 20:05:29,529 INFO  [Log] Start test: generateInvitation 
2018-12-23 20:07:16,831 INFO  [Log] Start test: generateInvitation 
2018-12-23 20:07:27,448 INFO  [Log] unknown error: Element <li>...</li> is not clickable at point (1114, 0). Other element would receive the click: <div id="navbar" class="navbar-collapse collapsing in-remove in-remove-active" uib-collapse="navCtrl.navCollapsed" aria-expanded="false" aria-hidden="true" style="height: 0px; transition: all 0.35s linear 0s;">...</div>
  (Session info: chrome=71.0.3578.98)
  (Driver info: chromedriver=2.40.565498 (ea082db3280dd6843ebfb08a625e3eb905c4f5ab),platform=Windows NT 10.0.15063 x86_64) (WARNING: The server did not provide any stacktrace information)
Command duration or timeout: 0 milliseconds
Build info: version: '3.14.0', revision: 'aacccce0', time: '2018-08-02T20:19:58.91Z'
System info: host: 'SMSL044', ip: '192.168.252.2', os.name: 'Windows 10', os.arch: 'amd64', os.version: '10.0', java.version: '1.8.0_171'
Driver info: org.openqa.selenium.chrome.ChromeDriver
Capabilities {acceptInsecureCerts: false, acceptSslCerts: false, applicationCacheEnabled: false, browserConnectionEnabled: false, browserName: chrome, chrome: {chromedriverVersion: 2.40.565498 (ea082db3280dd6..., userDataDir: C:\Users\ntedesco\AppData\L...}, cssSelectorsEnabled: true, databaseEnabled: false, handlesAlerts: true, hasTouchScreen: false, javascriptEnabled: true, locationContextEnabled: true, mobileEmulationEnabled: false, nativeEvents: true, networkConnectionEnabled: false, pageLoadStrategy: normal, platform: XP, platformName: XP, rotatable: false, setWindowRect: true, takesHeapSnapshot: true, takesScreenshot: true, unexpectedAlertBehaviour: , unhandledPromptBehavior: , version: 71.0.3578.98, webStorageEnabled: true}
Session ID: 84e1b2383ede24688b861f6a0af77d23 
2018-12-23 20:07:27,449 INFO  [Log] generateInvitation: Falla 
2018-12-23 20:07:27,449 INFO  [Log] End test: generateInvitation 
2018-12-23 20:07:54,527 INFO  [Log] Start test: generateInvitation 
2018-12-23 20:08:03,806 INFO  [Log] unknown error: Element <li>...</li> is not clickable at point (1114, 0). Other element would receive the click: <div id="navbar" class="navbar-collapse collapsing in-remove in-remove-active" uib-collapse="navCtrl.navCollapsed" aria-expanded="false" aria-hidden="true" style="height: 0px; transition: all 0.35s linear 0s;">...</div>
  (Session info: chrome=71.0.3578.98)
  (Driver info: chromedriver=2.40.565498 (ea082db3280dd6843ebfb08a625e3eb905c4f5ab),platform=Windows NT 10.0.15063 x86_64) (WARNING: The server did not provide any stacktrace information)
Command duration or timeout: 0 milliseconds
Build info: version: '3.14.0', revision: 'aacccce0', time: '2018-08-02T20:19:58.91Z'
System info: host: 'SMSL044', ip: '192.168.252.2', os.name: 'Windows 10', os.arch: 'amd64', os.version: '10.0', java.version: '1.8.0_171'
Driver info: org.openqa.selenium.chrome.ChromeDriver
Capabilities {acceptInsecureCerts: false, acceptSslCerts: false, applicationCacheEnabled: false, browserConnectionEnabled: false, browserName: chrome, chrome: {chromedriverVersion: 2.40.565498 (ea082db3280dd6..., userDataDir: C:\Users\ntedesco\AppData\L...}, cssSelectorsEnabled: true, databaseEnabled: false, handlesAlerts: true, hasTouchScreen: false, javascriptEnabled: true, locationContextEnabled: true, mobileEmulationEnabled: false, nativeEvents: true, networkConnectionEnabled: false, pageLoadStrategy: normal, platform: XP, platformName: XP, rotatable: false, setWindowRect: true, takesHeapSnapshot: true, takesScreenshot: true, unexpectedAlertBehaviour: , unhandledPromptBehavior: , version: 71.0.3578.98, webStorageEnabled: true}
Session ID: dc448fe7662133a69929a2ab93bd5660 
2018-12-23 20:08:03,806 INFO  [Log] generateInvitation: Falla 
2018-12-23 20:08:03,806 INFO  [Log] End test: generateInvitation 
2018-12-23 20:08:09,818 INFO  [Log] Sent message successfully.... 
2018-12-23 20:08:31,154 INFO  [Log] Start test: generateInvitation 
2018-12-23 20:09:24,814 INFO  [Log] Expected condition failed: waiting for element to be clickable: Proxy element for: DefaultElementLocator 'By.xpath: #main > div > div.container-fluid.main-full > footer > div > div > div > div:nth-child(1) > button' (tried for 30 second(s) with 500 milliseconds interval) 
2018-12-23 20:09:24,814 INFO  [Log] generateInvitation: Falla 
2018-12-23 20:09:24,814 INFO  [Log] End test: generateInvitation 
2018-12-23 20:09:32,814 INFO  [Log] Sent message successfully.... 
2018-12-23 20:12:06,618 INFO  [Log] Start test: generateInvitation 
2018-12-23 20:12:16,735 INFO  [Log] unknown error: Element <li>...</li> is not clickable at point (1114, 0). Other element would receive the click: <div id="navbar" class="navbar-collapse collapsing in-remove in-remove-active" uib-collapse="navCtrl.navCollapsed" aria-expanded="false" aria-hidden="true" style="height: 0px; transition: all 0.35s linear 0s;">...</div>
  (Session info: chrome=71.0.3578.98)
  (Driver info: chromedriver=2.40.565498 (ea082db3280dd6843ebfb08a625e3eb905c4f5ab),platform=Windows NT 10.0.15063 x86_64) (WARNING: The server did not provide any stacktrace information)
Command duration or timeout: 0 milliseconds
Build info: version: '3.14.0', revision: 'aacccce0', time: '2018-08-02T20:19:58.91Z'
System info: host: 'SMSL044', ip: '192.168.252.2', os.name: 'Windows 10', os.arch: 'amd64', os.version: '10.0', java.version: '1.8.0_171'
Driver info: org.openqa.selenium.chrome.ChromeDriver
Capabilities {acceptInsecureCerts: false, acceptSslCerts: false, applicationCacheEnabled: false, browserConnectionEnabled: false, browserName: chrome, chrome: {chromedriverVersion: 2.40.565498 (ea082db3280dd6..., userDataDir: C:\Users\ntedesco\AppData\L...}, cssSelectorsEnabled: true, databaseEnabled: false, handlesAlerts: true, hasTouchScreen: false, javascriptEnabled: true, locationContextEnabled: true, mobileEmulationEnabled: false, nativeEvents: true, networkConnectionEnabled: false, pageLoadStrategy: normal, platform: XP, platformName: XP, rotatable: false, setWindowRect: true, takesHeapSnapshot: true, takesScreenshot: true, unexpectedAlertBehaviour: , unhandledPromptBehavior: , version: 71.0.3578.98, webStorageEnabled: true}
Session ID: 272f29c2763746cb3e91517296dd495e 
2018-12-23 20:12:16,736 INFO  [Log] generateInvitation: Falla 
2018-12-23 20:12:16,736 INFO  [Log] End test: generateInvitation 
2018-12-23 20:12:21,898 INFO  [Log] Sent message successfully.... 
2018-12-23 20:12:44,408 INFO  [Log] Start test: generateInvitation 
2018-12-23 20:12:53,848 INFO  [Log] unknown error: Element <li>...</li> is not clickable at point (1114, 0). Other element would receive the click: <div id="navbar" class="navbar-collapse collapsing in-remove in-remove-active" uib-collapse="navCtrl.navCollapsed" aria-expanded="false" aria-hidden="true" style="height: 0px; transition: all 0.35s linear 0s;">...</div>
  (Session info: chrome=71.0.3578.98)
  (Driver info: chromedriver=2.40.565498 (ea082db3280dd6843ebfb08a625e3eb905c4f5ab),platform=Windows NT 10.0.15063 x86_64) (WARNING: The server did not provide any stacktrace information)
Command duration or timeout: 0 milliseconds
Build info: version: '3.14.0', revision: 'aacccce0', time: '2018-08-02T20:19:58.91Z'
System info: host: 'SMSL044', ip: '192.168.252.2', os.name: 'Windows 10', os.arch: 'amd64', os.version: '10.0', java.version: '1.8.0_171'
Driver info: org.openqa.selenium.chrome.ChromeDriver
Capabilities {acceptInsecureCerts: false, acceptSslCerts: false, applicationCacheEnabled: false, browserConnectionEnabled: false, browserName: chrome, chrome: {chromedriverVersion: 2.40.565498 (ea082db3280dd6..., userDataDir: C:\Users\ntedesco\AppData\L...}, cssSelectorsEnabled: true, databaseEnabled: false, handlesAlerts: true, hasTouchScreen: false, javascriptEnabled: true, locationContextEnabled: true, mobileEmulationEnabled: false, nativeEvents: true, networkConnectionEnabled: false, pageLoadStrategy: normal, platform: XP, platformName: XP, rotatable: false, setWindowRect: true, takesHeapSnapshot: true, takesScreenshot: true, unexpectedAlertBehaviour: , unhandledPromptBehavior: , version: 71.0.3578.98, webStorageEnabled: true}
Session ID: fe65cc94f235febbb01250119ec9e47e 
2018-12-23 20:12:53,849 INFO  [Log] generateInvitation: Falla 
2018-12-23 20:12:53,850 INFO  [Log] End test: generateInvitation 
2018-12-23 20:12:59,053 INFO  [Log] Sent message successfully.... 
2018-12-23 20:13:21,861 INFO  [Log] Start test: generateInvitation 
2018-12-23 20:18:14,006 INFO  [Log] Expected condition failed: waiting for visibility of Proxy element for: DefaultElementLocator 'By.xpath: //*[@id='main']/div/div/div/div/div[3]/div/div[1]/div/div[2]/table' (tried for 30 second(s) with 500 milliseconds interval) 
2018-12-23 20:18:14,006 INFO  [Log] generateInvitation: Falla 
2018-12-23 20:18:14,006 INFO  [Log] End test: generateInvitation 
2018-12-23 20:18:21,341 INFO  [Log] Sent message successfully.... 
2018-12-23 20:18:58,022 INFO  [Log] Start test: generateInvitation 
2018-12-23 20:19:07,802 INFO  [Log] unknown error: Element <li>...</li> is not clickable at point (1114, 0). Other element would receive the click: <div id="navbar" class="navbar-collapse collapsing in-remove in-remove-active" uib-collapse="navCtrl.navCollapsed" aria-expanded="false" aria-hidden="true" style="height: 0px; transition: all 0.35s linear 0s;">...</div>
  (Session info: chrome=71.0.3578.98)
  (Driver info: chromedriver=2.40.565498 (ea082db3280dd6843ebfb08a625e3eb905c4f5ab),platform=Windows NT 10.0.15063 x86_64) (WARNING: The server did not provide any stacktrace information)
Command duration or timeout: 0 milliseconds
Build info: version: '3.14.0', revision: 'aacccce0', time: '2018-08-02T20:19:58.91Z'
System info: host: 'SMSL044', ip: '192.168.252.2', os.name: 'Windows 10', os.arch: 'amd64', os.version: '10.0', java.version: '1.8.0_171'
Driver info: org.openqa.selenium.chrome.ChromeDriver
Capabilities {acceptInsecureCerts: false, acceptSslCerts: false, applicationCacheEnabled: false, browserConnectionEnabled: false, browserName: chrome, chrome: {chromedriverVersion: 2.40.565498 (ea082db3280dd6..., userDataDir: C:\Users\ntedesco\AppData\L...}, cssSelectorsEnabled: true, databaseEnabled: false, handlesAlerts: true, hasTouchScreen: false, javascriptEnabled: true, locationContextEnabled: true, mobileEmulationEnabled: false, nativeEvents: true, networkConnectionEnabled: false, pageLoadStrategy: normal, platform: XP, platformName: XP, rotatable: false, setWindowRect: true, takesHeapSnapshot: true, takesScreenshot: true, unexpectedAlertBehaviour: , unhandledPromptBehavior: , version: 71.0.3578.98, webStorageEnabled: true}
Session ID: ecc5fedd2c6c4131d7098305c7e2b314 
2018-12-23 20:19:07,803 INFO  [Log] generateInvitation: Falla 
2018-12-23 20:19:07,803 INFO  [Log] End test: generateInvitation 
2018-12-23 20:19:13,408 INFO  [Log] Sent message successfully.... 
2018-12-23 20:25:58,785 INFO  [Log] Start test: generateInvitation 
2018-12-23 20:27:59,787 INFO  [Log] Start test: generateInvitation 
2018-12-23 20:32:45,917 INFO  [Log] Expected condition failed: waiting for visibility of Proxy element for: DefaultElementLocator 'By.xpath: //*[@id='main']/div/div/div/div/div[3]/div/div[1]/div/div[2]/table' (tried for 30 second(s) with 500 milliseconds interval) 
2018-12-23 20:32:45,917 INFO  [Log] generateInvitation: Falla 
2018-12-23 20:32:45,917 INFO  [Log] End test: generateInvitation 
2018-12-23 20:32:52,939 INFO  [Log] Sent message successfully.... 
2018-12-23 21:17:52,256 INFO  [Log] Start test: generateInvitation 
2018-12-23 21:19:34,415 INFO  [Log] Start test: generateInvitation 
2018-12-23 21:20:17,365 INFO  [Log] Start test: generateInvitation 
2018-12-23 21:21:15,694 INFO  [Log] Start test: generateInvitation 
2018-12-23 21:22:28,780 INFO  [Log]  
2018-12-23 21:22:28,780 INFO  [Log] generateInvitation: Falla 
2018-12-23 21:22:28,781 INFO  [Log] End test: generateInvitation 
2018-12-23 21:22:44,626 INFO  [Log] Start test: generateInvitation 
2018-12-23 21:23:24,302 INFO  [Log]  
2018-12-23 21:23:24,303 INFO  [Log] generateInvitation: Falla 
2018-12-23 21:23:24,303 INFO  [Log] End test: generateInvitation 
2018-12-24 12:50:33,640 INFO  [Log] Start test: generateInvitation 
2018-12-24 12:53:38,217 INFO  [Log] Start test: generateInvitation 
2018-12-24 13:00:41,477 INFO  [Log] Start test: generateInvitation 
2018-12-24 13:03:19,354 INFO  [Log] generateInvitation: Pasa 
2018-12-24 13:03:19,354 INFO  [Log] End test: generateInvitation 
2018-12-24 13:03:19,364 INFO  [Log] Start test: generateInvitation 
2018-12-24 13:04:56,773 INFO  [Log] Start test: generateInvitation 
2018-12-24 13:05:43,634 INFO  [Log] unknown error: Element <li>...</li> is not clickable at point (1096, 25). Other element would receive the click: <div class="toast toast-success" ng-click="tapToast()">...</div>
  (Session info: chrome=71.0.3578.98)
  (Driver info: chromedriver=2.40.565498 (ea082db3280dd6843ebfb08a625e3eb905c4f5ab),platform=Windows NT 10.0.15063 x86_64) (WARNING: The server did not provide any stacktrace information)
Command duration or timeout: 0 milliseconds
Build info: version: '3.14.0', revision: 'aacccce0', time: '2018-08-02T20:19:58.91Z'
System info: host: 'SMSL044', ip: '192.168.252.2', os.name: 'Windows 10', os.arch: 'amd64', os.version: '10.0', java.version: '1.8.0_171'
Driver info: org.openqa.selenium.chrome.ChromeDriver
Capabilities {acceptInsecureCerts: false, acceptSslCerts: false, applicationCacheEnabled: false, browserConnectionEnabled: false, browserName: chrome, chrome: {chromedriverVersion: 2.40.565498 (ea082db3280dd6..., userDataDir: C:\Users\ntedesco\AppData\L...}, cssSelectorsEnabled: true, databaseEnabled: false, handlesAlerts: true, hasTouchScreen: false, javascriptEnabled: true, locationContextEnabled: true, mobileEmulationEnabled: false, nativeEvents: true, networkConnectionEnabled: false, pageLoadStrategy: normal, platform: XP, platformName: XP, rotatable: false, setWindowRect: true, takesHeapSnapshot: true, takesScreenshot: true, unexpectedAlertBehaviour: , unhandledPromptBehavior: , version: 71.0.3578.98, webStorageEnabled: true}
Session ID: e6c47b5cb64dede07398e47cc91ee93a 
2018-12-24 13:05:43,634 INFO  [Log] generateInvitation: Falla 
2018-12-24 13:05:43,635 INFO  [Log] End test: generateInvitation 
2018-12-24 13:05:43,645 INFO  [Log] Start test: generateInvitation 
2018-12-24 13:07:06,567 INFO  [Log] Start test: generateInvitation 
2018-12-24 13:07:41,766 INFO  [Log] unknown error: Element <li>...</li> is not clickable at point (1114, 0). Other element would receive the click: <div id="navbar" class="navbar-collapse collapsing in-remove in-remove-active" uib-collapse="navCtrl.navCollapsed" aria-expanded="false" aria-hidden="true" style="height: 0px; transition: all 0.35s linear 0s;">...</div>
  (Session info: chrome=71.0.3578.98)
  (Driver info: chromedriver=2.40.565498 (ea082db3280dd6843ebfb08a625e3eb905c4f5ab),platform=Windows NT 10.0.15063 x86_64) (WARNING: The server did not provide any stacktrace information)
Command duration or timeout: 0 milliseconds
Build info: version: '3.14.0', revision: 'aacccce0', time: '2018-08-02T20:19:58.91Z'
System info: host: 'SMSL044', ip: '192.168.252.2', os.name: 'Windows 10', os.arch: 'amd64', os.version: '10.0', java.version: '1.8.0_171'
Driver info: org.openqa.selenium.chrome.ChromeDriver
Capabilities {acceptInsecureCerts: false, acceptSslCerts: false, applicationCacheEnabled: false, browserConnectionEnabled: false, browserName: chrome, chrome: {chromedriverVersion: 2.40.565498 (ea082db3280dd6..., userDataDir: C:\Users\ntedesco\AppData\L...}, cssSelectorsEnabled: true, databaseEnabled: false, handlesAlerts: true, hasTouchScreen: false, javascriptEnabled: true, locationContextEnabled: true, mobileEmulationEnabled: false, nativeEvents: true, networkConnectionEnabled: false, pageLoadStrategy: normal, platform: XP, platformName: XP, rotatable: false, setWindowRect: true, takesHeapSnapshot: true, takesScreenshot: true, unexpectedAlertBehaviour: , unhandledPromptBehavior: , version: 71.0.3578.98, webStorageEnabled: true}
Session ID: 0278db5b64a2b44fb421488d303878b8 
2018-12-24 13:07:41,766 INFO  [Log] generateInvitation: Falla 
2018-12-24 13:07:41,766 INFO  [Log] End test: generateInvitation 
2018-12-24 13:07:41,788 INFO  [Log] Start test: generateInvitation 
2018-12-24 13:09:43,915 INFO  [Log] no such element: Unable to locate element: {"method":"name","selector":"user"}
  (Session info: chrome=71.0.3578.98)
  (Driver info: chromedriver=2.40.565498 (ea082db3280dd6843ebfb08a625e3eb905c4f5ab),platform=Windows NT 10.0.15063 x86_64) (WARNING: The server did not provide any stacktrace information)
Command duration or timeout: 0 milliseconds
For documentation on this error, please visit: http://seleniumhq.org/exceptions/no_such_element.html
Build info: version: '3.14.0', revision: 'aacccce0', time: '2018-08-02T20:19:58.91Z'
System info: host: 'SMSL044', ip: '192.168.252.2', os.name: 'Windows 10', os.arch: 'amd64', os.version: '10.0', java.version: '1.8.0_171'
Driver info: org.openqa.selenium.chrome.ChromeDriver
Capabilities {acceptInsecureCerts: false, acceptSslCerts: false, applicationCacheEnabled: false, browserConnectionEnabled: false, browserName: chrome, chrome: {chromedriverVersion: 2.40.565498 (ea082db3280dd6..., userDataDir: C:\Users\ntedesco\AppData\L...}, cssSelectorsEnabled: true, databaseEnabled: false, handlesAlerts: true, hasTouchScreen: false, javascriptEnabled: true, locationContextEnabled: true, mobileEmulationEnabled: false, nativeEvents: true, networkConnectionEnabled: false, pageLoadStrategy: normal, platform: XP, platformName: XP, rotatable: false, setWindowRect: true, takesHeapSnapshot: true, takesScreenshot: true, unexpectedAlertBehaviour: , unhandledPromptBehavior: , version: 71.0.3578.98, webStorageEnabled: true}
Session ID: 0278db5b64a2b44fb421488d303878b8
*** Element info: {Using=name, value=user} 
2018-12-24 13:09:43,915 INFO  [Log] generateInvitation: Falla 
2018-12-24 13:09:43,915 INFO  [Log] End test: generateInvitation 
2018-12-24 13:10:11,190 INFO  [Log] Sent message successfully.... 
2018-12-24 13:13:04,317 INFO  [Log] Start test: generateInvitation 
2018-12-24 13:13:33,961 INFO  [Log] unknown error: Element <a id="btSalir" href="#" ng-if="authenticated" ng-click="navCtrl.logout()">...</a> is not clickable at point (1214, 0). Other element would receive the click: <div id="navbar" class="navbar-collapse collapsing in-remove in-remove-active" uib-collapse="navCtrl.navCollapsed" aria-expanded="false" aria-hidden="true" style="height: 0px; transition: all 0.35s linear 0s;">...</div>
  (Session info: chrome=71.0.3578.98)
  (Driver info: chromedriver=2.40.565498 (ea082db3280dd6843ebfb08a625e3eb905c4f5ab),platform=Windows NT 10.0.15063 x86_64) (WARNING: The server did not provide any stacktrace information)
Command duration or timeout: 0 milliseconds
Build info: version: '3.14.0', revision: 'aacccce0', time: '2018-08-02T20:19:58.91Z'
System info: host: 'SMSL044', ip: '192.168.252.2', os.name: 'Windows 10', os.arch: 'amd64', os.version: '10.0', java.version: '1.8.0_171'
Driver info: org.openqa.selenium.chrome.ChromeDriver
Capabilities {acceptInsecureCerts: false, acceptSslCerts: false, applicationCacheEnabled: false, browserConnectionEnabled: false, browserName: chrome, chrome: {chromedriverVersion: 2.40.565498 (ea082db3280dd6..., userDataDir: C:\Users\ntedesco\AppData\L...}, cssSelectorsEnabled: true, databaseEnabled: false, handlesAlerts: true, hasTouchScreen: false, javascriptEnabled: true, locationContextEnabled: true, mobileEmulationEnabled: false, nativeEvents: true, networkConnectionEnabled: false, pageLoadStrategy: normal, platform: XP, platformName: XP, rotatable: false, setWindowRect: true, takesHeapSnapshot: true, takesScreenshot: true, unexpectedAlertBehaviour: , unhandledPromptBehavior: , version: 71.0.3578.98, webStorageEnabled: true}
Session ID: e355956aa6846c56e359d3a7bbdfe350 
2018-12-24 13:13:33,961 INFO  [Log] generateInvitation: Falla 
2018-12-24 13:13:33,961 INFO  [Log] End test: generateInvitation 
2018-12-24 13:13:33,963 INFO  [Log] Start test: generateInvitation 
2018-12-24 13:16:00,254 INFO  [Log] Start test: generateInvitation 
2018-12-24 13:16:46,108 INFO  [Log] generateInvitation: Pasa 
2018-12-24 13:16:46,108 INFO  [Log] End test: generateInvitation 
2018-12-24 13:16:46,120 INFO  [Log] Start test: generateInvitation 
2018-12-24 13:17:44,802 INFO  [Log] Start test: generateInvitation 
2018-12-24 13:19:09,895 INFO  [Log] generateInvitation: Pasa 
2018-12-24 13:19:09,895 INFO  [Log] End test: generateInvitation 
2018-12-24 13:19:09,908 INFO  [Log] Start test: generateInvitation 
2018-12-24 13:22:41,242 INFO  [Log] Start test: generateInvitation 
2018-12-24 13:23:05,118 INFO  [Log] unknown error: Element <a id="btSalir" href="#" ng-if="authenticated" ng-click="navCtrl.logout()">...</a> is not clickable at point (1214, 0). Other element would receive the click: <div id="navbar" class="navbar-collapse collapsing in-remove in-remove-active" uib-collapse="navCtrl.navCollapsed" aria-expanded="false" aria-hidden="true" style="height: 0px; transition: all 0.35s linear 0s;">...</div>
  (Session info: chrome=71.0.3578.98)
  (Driver info: chromedriver=2.40.565498 (ea082db3280dd6843ebfb08a625e3eb905c4f5ab),platform=Windows NT 10.0.15063 x86_64) (WARNING: The server did not provide any stacktrace information)
Command duration or timeout: 0 milliseconds
Build info: version: '3.14.0', revision: 'aacccce0', time: '2018-08-02T20:19:58.91Z'
System info: host: 'SMSL044', ip: '192.168.252.2', os.name: 'Windows 10', os.arch: 'amd64', os.version: '10.0', java.version: '1.8.0_171'
Driver info: org.openqa.selenium.chrome.ChromeDriver
Capabilities {acceptInsecureCerts: false, acceptSslCerts: false, applicationCacheEnabled: false, browserConnectionEnabled: false, browserName: chrome, chrome: {chromedriverVersion: 2.40.565498 (ea082db3280dd6..., userDataDir: C:\Users\ntedesco\AppData\L...}, cssSelectorsEnabled: true, databaseEnabled: false, handlesAlerts: true, hasTouchScreen: false, javascriptEnabled: true, locationContextEnabled: true, mobileEmulationEnabled: false, nativeEvents: true, networkConnectionEnabled: false, pageLoadStrategy: normal, platform: XP, platformName: XP, rotatable: false, setWindowRect: true, takesHeapSnapshot: true, takesScreenshot: true, unexpectedAlertBehaviour: , unhandledPromptBehavior: , version: 71.0.3578.98, webStorageEnabled: true}
Session ID: a8c990ee95f93a34e8474d89e7d6cebe 
2018-12-24 13:23:05,118 INFO  [Log] generateInvitation: Falla 
2018-12-24 13:23:05,118 INFO  [Log] End test: generateInvitation 
2018-12-24 13:23:05,120 INFO  [Log] Start test: generateInvitation 
2018-12-24 13:25:00,412 INFO  [Log] Start test: generateInvitation 
2018-12-24 13:25:26,749 INFO  [Log] unknown error: Element <a id="btSalir" href="#" ng-if="authenticated" ng-click="navCtrl.logout()">...</a> is not clickable at point (1228, 25). Other element would receive the click: <div class="toast toast-success" ng-click="tapToast()">...</div>
  (Session info: chrome=71.0.3578.98)
  (Driver info: chromedriver=2.40.565498 (ea082db3280dd6843ebfb08a625e3eb905c4f5ab),platform=Windows NT 10.0.15063 x86_64) (WARNING: The server did not provide any stacktrace information)
Command duration or timeout: 0 milliseconds
Build info: version: '3.14.0', revision: 'aacccce0', time: '2018-08-02T20:19:58.91Z'
System info: host: 'SMSL044', ip: '192.168.252.2', os.name: 'Windows 10', os.arch: 'amd64', os.version: '10.0', java.version: '1.8.0_171'
Driver info: org.openqa.selenium.chrome.ChromeDriver
Capabilities {acceptInsecureCerts: false, acceptSslCerts: false, applicationCacheEnabled: false, browserConnectionEnabled: false, browserName: chrome, chrome: {chromedriverVersion: 2.40.565498 (ea082db3280dd6..., userDataDir: C:\Users\ntedesco\AppData\L...}, cssSelectorsEnabled: true, databaseEnabled: false, handlesAlerts: true, hasTouchScreen: false, javascriptEnabled: true, locationContextEnabled: true, mobileEmulationEnabled: false, nativeEvents: true, networkConnectionEnabled: false, pageLoadStrategy: normal, platform: XP, platformName: XP, rotatable: false, setWindowRect: true, takesHeapSnapshot: true, takesScreenshot: true, unexpectedAlertBehaviour: , unhandledPromptBehavior: , version: 71.0.3578.98, webStorageEnabled: true}
Session ID: 07bdc23776b11d515929d21bf51af389 
2018-12-24 13:25:26,749 INFO  [Log] generateInvitation: Falla 
2018-12-24 13:25:26,749 INFO  [Log] End test: generateInvitation 
2018-12-24 13:25:26,750 INFO  [Log] Start test: generateInvitation 
2018-12-24 13:26:13,927 INFO  [Log]  
2018-12-24 13:26:13,927 INFO  [Log] generateInvitation: Falla 
2018-12-24 13:26:13,927 INFO  [Log] End test: generateInvitation 
2018-12-24 13:26:27,764 INFO  [Log] Start test: generateInvitation 
2018-12-24 13:27:14,556 INFO  [Log] unknown error: Element <a id="btSalir" href="#" ng-if="authenticated" ng-click="navCtrl.logout()">...</a> is not clickable at point (1228, 25). Other element would receive the click: <div class="toast toast-success" ng-click="tapToast()">...</div>
  (Session info: chrome=71.0.3578.98)
  (Driver info: chromedriver=2.40.565498 (ea082db3280dd6843ebfb08a625e3eb905c4f5ab),platform=Windows NT 10.0.15063 x86_64) (WARNING: The server did not provide any stacktrace information)
Command duration or timeout: 0 milliseconds
Build info: version: '3.14.0', revision: 'aacccce0', time: '2018-08-02T20:19:58.91Z'
System info: host: 'SMSL044', ip: '192.168.252.2', os.name: 'Windows 10', os.arch: 'amd64', os.version: '10.0', java.version: '1.8.0_171'
Driver info: org.openqa.selenium.chrome.ChromeDriver
Capabilities {acceptInsecureCerts: false, acceptSslCerts: false, applicationCacheEnabled: false, browserConnectionEnabled: false, browserName: chrome, chrome: {chromedriverVersion: 2.40.565498 (ea082db3280dd6..., userDataDir: C:\Users\ntedesco\AppData\L...}, cssSelectorsEnabled: true, databaseEnabled: false, handlesAlerts: true, hasTouchScreen: false, javascriptEnabled: true, locationContextEnabled: true, mobileEmulationEnabled: false, nativeEvents: true, networkConnectionEnabled: false, pageLoadStrategy: normal, platform: XP, platformName: XP, rotatable: false, setWindowRect: true, takesHeapSnapshot: true, takesScreenshot: true, unexpectedAlertBehaviour: , unhandledPromptBehavior: , version: 71.0.3578.98, webStorageEnabled: true}
Session ID: 7e230a0034e06794c1414a43acbd205d 
2018-12-24 13:27:14,556 INFO  [Log] generateInvitation: Falla 
2018-12-24 13:27:14,556 INFO  [Log] End test: generateInvitation 
2018-12-24 13:27:14,557 INFO  [Log] Start test: generateInvitation 
2018-12-24 13:28:34,610 INFO  [Log]  
2018-12-24 13:28:34,610 INFO  [Log] generateInvitation: Falla 
2018-12-24 13:28:34,610 INFO  [Log] End test: generateInvitation 
2018-12-25 21:58:04,164 INFO  [Log] Start test: generateInvitation 
2018-12-25 21:59:12,752 INFO  [Log] Start test: generateInvitation 
2018-12-25 21:59:44,469 INFO  [Log] unknown error: Element <a id="btSalir" href="#" ng-if="authenticated" ng-click="navCtrl.logout()">...</a> is not clickable at point (1228, 25). Other element would receive the click: <div class="toast toast-success" ng-click="tapToast()">...</div>
  (Session info: chrome=71.0.3578.98)
  (Driver info: chromedriver=2.40.565498 (ea082db3280dd6843ebfb08a625e3eb905c4f5ab),platform=Windows NT 10.0.15063 x86_64) (WARNING: The server did not provide any stacktrace information)
Command duration or timeout: 0 milliseconds
Build info: version: '3.14.0', revision: 'aacccce0', time: '2018-08-02T20:19:58.91Z'
System info: host: 'SMSL044', ip: '192.168.252.2', os.name: 'Windows 10', os.arch: 'amd64', os.version: '10.0', java.version: '1.8.0_171'
Driver info: org.openqa.selenium.chrome.ChromeDriver
Capabilities {acceptInsecureCerts: false, acceptSslCerts: false, applicationCacheEnabled: false, browserConnectionEnabled: false, browserName: chrome, chrome: {chromedriverVersion: 2.40.565498 (ea082db3280dd6..., userDataDir: C:\Users\ntedesco\AppData\L...}, cssSelectorsEnabled: true, databaseEnabled: false, handlesAlerts: true, hasTouchScreen: false, javascriptEnabled: true, locationContextEnabled: true, mobileEmulationEnabled: false, nativeEvents: true, networkConnectionEnabled: false, pageLoadStrategy: normal, platform: XP, platformName: XP, rotatable: false, setWindowRect: true, takesHeapSnapshot: true, takesScreenshot: true, unexpectedAlertBehaviour: , unhandledPromptBehavior: , version: 71.0.3578.98, webStorageEnabled: true}
Session ID: 6c355e3b2719e7fbb91ea50c015709cc 
2018-12-25 21:59:44,469 INFO  [Log] generateInvitation: Falla 
2018-12-25 21:59:44,469 INFO  [Log] End test: generateInvitation 
2018-12-25 21:59:44,471 INFO  [Log] Start test: generateInvitation 
2018-12-25 22:01:45,708 INFO  [Log] no such element: Unable to locate element: {"method":"name","selector":"user"}
  (Session info: chrome=71.0.3578.98)
  (Driver info: chromedriver=2.40.565498 (ea082db3280dd6843ebfb08a625e3eb905c4f5ab),platform=Windows NT 10.0.15063 x86_64) (WARNING: The server did not provide any stacktrace information)
Command duration or timeout: 0 milliseconds
For documentation on this error, please visit: http://seleniumhq.org/exceptions/no_such_element.html
Build info: version: '3.14.0', revision: 'aacccce0', time: '2018-08-02T20:19:58.91Z'
System info: host: 'SMSL044', ip: '192.168.252.2', os.name: 'Windows 10', os.arch: 'amd64', os.version: '10.0', java.version: '1.8.0_171'
Driver info: org.openqa.selenium.chrome.ChromeDriver
Capabilities {acceptInsecureCerts: false, acceptSslCerts: false, applicationCacheEnabled: false, browserConnectionEnabled: false, browserName: chrome, chrome: {chromedriverVersion: 2.40.565498 (ea082db3280dd6..., userDataDir: C:\Users\ntedesco\AppData\L...}, cssSelectorsEnabled: true, databaseEnabled: false, handlesAlerts: true, hasTouchScreen: false, javascriptEnabled: true, locationContextEnabled: true, mobileEmulationEnabled: false, nativeEvents: true, networkConnectionEnabled: false, pageLoadStrategy: normal, platform: XP, platformName: XP, rotatable: false, setWindowRect: true, takesHeapSnapshot: true, takesScreenshot: true, unexpectedAlertBehaviour: , unhandledPromptBehavior: , version: 71.0.3578.98, webStorageEnabled: true}
Session ID: 6c355e3b2719e7fbb91ea50c015709cc
*** Element info: {Using=name, value=user} 
2018-12-25 22:01:45,708 INFO  [Log] generateInvitation: Falla 
2018-12-25 22:01:45,708 INFO  [Log] End test: generateInvitation 
2018-12-25 22:01:51,936 INFO  [Log] Sent message successfully.... 
2018-12-25 22:05:06,921 INFO  [Log] Start test: generateInvitation 
2018-12-25 22:05:19,150 INFO  [Log] unknown error: Element <li>...</li> is not clickable at point (1114, 0). Other element would receive the click: <div id="navbar" class="navbar-collapse collapsing in-remove in-remove-active" uib-collapse="navCtrl.navCollapsed" aria-expanded="false" aria-hidden="true" style="height: 0px; transition: all 0.35s linear 0s;">...</div>
  (Session info: chrome=71.0.3578.98)
  (Driver info: chromedriver=2.40.565498 (ea082db3280dd6843ebfb08a625e3eb905c4f5ab),platform=Windows NT 10.0.15063 x86_64) (WARNING: The server did not provide any stacktrace information)
Command duration or timeout: 0 milliseconds
Build info: version: '3.14.0', revision: 'aacccce0', time: '2018-08-02T20:19:58.91Z'
System info: host: 'SMSL044', ip: '192.168.252.2', os.name: 'Windows 10', os.arch: 'amd64', os.version: '10.0', java.version: '1.8.0_171'
Driver info: org.openqa.selenium.chrome.ChromeDriver
Capabilities {acceptInsecureCerts: false, acceptSslCerts: false, applicationCacheEnabled: false, browserConnectionEnabled: false, browserName: chrome, chrome: {chromedriverVersion: 2.40.565498 (ea082db3280dd6..., userDataDir: C:\Users\ntedesco\AppData\L...}, cssSelectorsEnabled: true, databaseEnabled: false, handlesAlerts: true, hasTouchScreen: false, javascriptEnabled: true, locationContextEnabled: true, mobileEmulationEnabled: false, nativeEvents: true, networkConnectionEnabled: false, pageLoadStrategy: normal, platform: XP, platformName: XP, rotatable: false, setWindowRect: true, takesHeapSnapshot: true, takesScreenshot: true, unexpectedAlertBehaviour: , unhandledPromptBehavior: , version: 71.0.3578.98, webStorageEnabled: true}
Session ID: 2a99c6ec9e60b63feb3b8523d5b4006b 
2018-12-25 22:05:19,151 INFO  [Log] generateInvitation: Falla 
2018-12-25 22:05:19,151 INFO  [Log] End test: generateInvitation 
2018-12-25 22:05:19,153 INFO  [Log] Start test: generateInvitation 
2018-12-25 22:06:02,192 INFO  [Log] Start test: generateInvitation 
2018-12-25 22:06:11,757 INFO  [Log] unknown error: Element <li>...</li> is not clickable at point (1114, 0). Other element would receive the click: <div class="container">...</div>
  (Session info: chrome=71.0.3578.98)
  (Driver info: chromedriver=2.40.565498 (ea082db3280dd6843ebfb08a625e3eb905c4f5ab),platform=Windows NT 10.0.15063 x86_64) (WARNING: The server did not provide any stacktrace information)
Command duration or timeout: 0 milliseconds
Build info: version: '3.14.0', revision: 'aacccce0', time: '2018-08-02T20:19:58.91Z'
System info: host: 'SMSL044', ip: '192.168.252.2', os.name: 'Windows 10', os.arch: 'amd64', os.version: '10.0', java.version: '1.8.0_171'
Driver info: org.openqa.selenium.chrome.ChromeDriver
Capabilities {acceptInsecureCerts: false, acceptSslCerts: false, applicationCacheEnabled: false, browserConnectionEnabled: false, browserName: chrome, chrome: {chromedriverVersion: 2.40.565498 (ea082db3280dd6..., userDataDir: C:\Users\ntedesco\AppData\L...}, cssSelectorsEnabled: true, databaseEnabled: false, handlesAlerts: true, hasTouchScreen: false, javascriptEnabled: true, locationContextEnabled: true, mobileEmulationEnabled: false, nativeEvents: true, networkConnectionEnabled: false, pageLoadStrategy: normal, platform: XP, platformName: XP, rotatable: false, setWindowRect: true, takesHeapSnapshot: true, takesScreenshot: true, unexpectedAlertBehaviour: , unhandledPromptBehavior: , version: 71.0.3578.98, webStorageEnabled: true}
Session ID: 3acaee1e8ea28a3a4cc76675556722d9 
2018-12-25 22:06:11,758 INFO  [Log] generateInvitation: Falla 
2018-12-25 22:06:11,758 INFO  [Log] End test: generateInvitation 
2018-12-25 22:06:11,760 INFO  [Log] Start test: generateInvitation 
2018-12-25 22:23:37,615 INFO  [Log] Start test: generateInvitation 
2018-12-25 22:23:51,267 INFO  [Log] unknown error: Element <li>...</li> is not clickable at point (1114, 0). Other element would receive the click: <div id="navbar" class="navbar-collapse collapsing in-remove in-remove-active" uib-collapse="navCtrl.navCollapsed" aria-expanded="false" aria-hidden="true" style="height: 0px; transition: all 0.35s linear 0s;">...</div>
  (Session info: chrome=71.0.3578.98)
  (Driver info: chromedriver=2.40.565498 (ea082db3280dd6843ebfb08a625e3eb905c4f5ab),platform=Windows NT 10.0.15063 x86_64) (WARNING: The server did not provide any stacktrace information)
Command duration or timeout: 0 milliseconds
Build info: version: '3.14.0', revision: 'aacccce0', time: '2018-08-02T20:19:58.91Z'
System info: host: 'SMSL044', ip: '192.168.252.2', os.name: 'Windows 10', os.arch: 'amd64', os.version: '10.0', java.version: '1.8.0_171'
Driver info: org.openqa.selenium.chrome.ChromeDriver
Capabilities {acceptInsecureCerts: false, acceptSslCerts: false, applicationCacheEnabled: false, browserConnectionEnabled: false, browserName: chrome, chrome: {chromedriverVersion: 2.40.565498 (ea082db3280dd6..., userDataDir: C:\Users\ntedesco\AppData\L...}, cssSelectorsEnabled: true, databaseEnabled: false, handlesAlerts: true, hasTouchScreen: false, javascriptEnabled: true, locationContextEnabled: true, mobileEmulationEnabled: false, nativeEvents: true, networkConnectionEnabled: false, pageLoadStrategy: normal, platform: XP, platformName: XP, rotatable: false, setWindowRect: true, takesHeapSnapshot: true, takesScreenshot: true, unexpectedAlertBehaviour: , unhandledPromptBehavior: , version: 71.0.3578.98, webStorageEnabled: true}
Session ID: e7b37e11e62222c2b931b7ae92ed9cab 
2018-12-25 22:23:51,267 INFO  [Log] generateInvitation: Falla 
2018-12-25 22:23:51,267 INFO  [Log] End test: generateInvitation 
2018-12-25 22:23:51,267 INFO  [Log] Start test: generateInvitation 
2018-12-25 22:26:48,765 INFO  [Log] Start test: generateInvitation 
2018-12-25 22:36:33,272 INFO  [Log] Start test: generateInvitation 
2018-12-25 22:37:51,516 INFO  [Log] stale element reference: element is not attached to the page document
  (Session info: chrome=71.0.3578.98)
  (Driver info: chromedriver=2.40.565498 (ea082db3280dd6843ebfb08a625e3eb905c4f5ab),platform=Windows NT 10.0.15063 x86_64) (WARNING: The server did not provide any stacktrace information)
Command duration or timeout: 0 milliseconds
For documentation on this error, please visit: http://seleniumhq.org/exceptions/stale_element_reference.html
Build info: version: '3.14.0', revision: 'aacccce0', time: '2018-08-02T20:19:58.91Z'
System info: host: 'SMSL044', ip: '192.168.252.2', os.name: 'Windows 10', os.arch: 'amd64', os.version: '10.0', java.version: '1.8.0_171'
Driver info: org.openqa.selenium.chrome.ChromeDriver
Capabilities {acceptInsecureCerts: false, acceptSslCerts: false, applicationCacheEnabled: false, browserConnectionEnabled: false, browserName: chrome, chrome: {chromedriverVersion: 2.40.565498 (ea082db3280dd6..., userDataDir: C:\Users\ntedesco\AppData\L...}, cssSelectorsEnabled: true, databaseEnabled: false, handlesAlerts: true, hasTouchScreen: false, javascriptEnabled: true, locationContextEnabled: true, mobileEmulationEnabled: false, nativeEvents: true, networkConnectionEnabled: false, pageLoadStrategy: normal, platform: XP, platformName: XP, rotatable: false, setWindowRect: true, takesHeapSnapshot: true, takesScreenshot: true, unexpectedAlertBehaviour: , unhandledPromptBehavior: , version: 71.0.3578.98, webStorageEnabled: true}
Session ID: c62e8c6d647d8cc6f4282b3774c84031 
2018-12-25 22:37:51,516 INFO  [Log] generateInvitation: Falla 
2018-12-25 22:37:51,516 INFO  [Log] End test: generateInvitation 
2018-12-25 22:37:57,515 INFO  [Log] Sent message successfully.... 
2018-12-25 22:39:14,189 INFO  [Log] Start test: generateInvitation 
2018-12-25 22:55:02,683 INFO  [Log] Start test: generateInvitation 
2018-12-25 22:55:32,275 INFO  [Log] El socio se encuentra en el panel de invitaciones 
2018-12-25 22:55:37,300 INFO  [Log] unknown error: Element <a ng-if="invite.fecha_baja === null" style="color: #dc635c; margin-left: 8px;" href="#" ng-click="enviarInvitacionVcCtrl.fireCancelInvite(invite)">...</a> is not clickable at point (1261, 43). Other element would receive the click: <nav class="navbar navbar-default navbar-fixed-top" ng-controller="NavbarController as navCtrl">...</nav>
  (Session info: chrome=71.0.3578.98)
  (Driver info: chromedriver=2.40.565498 (ea082db3280dd6843ebfb08a625e3eb905c4f5ab),platform=Windows NT 10.0.15063 x86_64) (WARNING: The server did not provide any stacktrace information)
Command duration or timeout: 0 milliseconds
Build info: version: '3.14.0', revision: 'aacccce0', time: '2018-08-02T20:19:58.91Z'
System info: host: 'SMSL044', ip: '192.168.252.2', os.name: 'Windows 10', os.arch: 'amd64', os.version: '10.0', java.version: '1.8.0_171'
Driver info: org.openqa.selenium.chrome.ChromeDriver
Capabilities {acceptInsecureCerts: false, acceptSslCerts: false, applicationCacheEnabled: false, browserConnectionEnabled: false, browserName: chrome, chrome: {chromedriverVersion: 2.40.565498 (ea082db3280dd6..., userDataDir: C:\Users\ntedesco\AppData\L...}, cssSelectorsEnabled: true, databaseEnabled: false, handlesAlerts: true, hasTouchScreen: false, javascriptEnabled: true, locationContextEnabled: true, mobileEmulationEnabled: false, nativeEvents: true, networkConnectionEnabled: false, pageLoadStrategy: normal, platform: XP, platformName: XP, rotatable: false, setWindowRect: true, takesHeapSnapshot: true, takesScreenshot: true, unexpectedAlertBehaviour: , unhandledPromptBehavior: , version: 71.0.3578.98, webStorageEnabled: true}
Session ID: 05f8f09f04337c8d77e8de737995b7ad 
2018-12-25 22:55:37,300 INFO  [Log] generateInvitation: Falla 
2018-12-25 22:55:37,300 INFO  [Log] End test: generateInvitation 
2018-12-25 22:57:22,463 INFO  [Log] Start test: generateInvitation 
2018-12-25 22:58:18,781 INFO  [Log] El socio se encuentra en el panel de invitaciones 
2018-12-25 22:58:35,538 INFO  [Log] unknown error: Element <a ng-if="invite.fecha_baja === null" style="color: #dc635c; margin-left: 8px;" href="#" ng-click="enviarInvitacionVcCtrl.fireCancelInvite(invite)">...</a> is not clickable at point (1261, 43). Other element would receive the click: <nav class="navbar navbar-default navbar-fixed-top" ng-controller="NavbarController as navCtrl">...</nav>
  (Session info: chrome=71.0.3578.98)
  (Driver info: chromedriver=2.40.565498 (ea082db3280dd6843ebfb08a625e3eb905c4f5ab),platform=Windows NT 10.0.15063 x86_64) (WARNING: The server did not provide any stacktrace information)
Command duration or timeout: 0 milliseconds
Build info: version: '3.14.0', revision: 'aacccce0', time: '2018-08-02T20:19:58.91Z'
System info: host: 'SMSL044', ip: '192.168.252.2', os.name: 'Windows 10', os.arch: 'amd64', os.version: '10.0', java.version: '1.8.0_171'
Driver info: org.openqa.selenium.chrome.ChromeDriver
Capabilities {acceptInsecureCerts: false, acceptSslCerts: false, applicationCacheEnabled: false, browserConnectionEnabled: false, browserName: chrome, chrome: {chromedriverVersion: 2.40.565498 (ea082db3280dd6..., userDataDir: C:\Users\ntedesco\AppData\L...}, cssSelectorsEnabled: true, databaseEnabled: false, handlesAlerts: true, hasTouchScreen: false, javascriptEnabled: true, locationContextEnabled: true, mobileEmulationEnabled: false, nativeEvents: true, networkConnectionEnabled: false, pageLoadStrategy: normal, platform: XP, platformName: XP, rotatable: false, setWindowRect: true, takesHeapSnapshot: true, takesScreenshot: true, unexpectedAlertBehaviour: , unhandledPromptBehavior: , version: 71.0.3578.98, webStorageEnabled: true}
Session ID: fae2ffb46ca50c4dd79a0ade9f332384 
2018-12-25 22:58:35,538 INFO  [Log] generateInvitation: Falla 
2018-12-25 22:58:35,538 INFO  [Log] End test: generateInvitation 
2019-01-08 10:38:43,567 INFO  [Log] Start test: generateInvitation 
2019-01-08 10:39:14,746 INFO  [Log] El socio se encuentra en el panel de invitaciones 
2019-01-08 10:39:15,390 INFO  [Log] generateInvitation: Pasa 
2019-01-08 10:39:15,390 INFO  [Log] End test: generateInvitation 
2019-01-08 10:39:20,793 INFO  [Log] Sent message successfully.... 
2019-01-08 11:04:10,797 INFO  [Log] Start test: generateInvitation 
2019-01-08 11:04:28,154 INFO  [Log] generateInvitation: Pasa 
2019-01-08 11:04:28,154 INFO  [Log] End test: generateInvitation 
2019-01-08 11:04:33,070 INFO  [Log] Sent message successfully.... 
2019-01-08 11:13:07,965 INFO  [Log] Start test: generateInvitation 
2019-01-08 11:13:27,507 INFO  [Log] generateInvitation: Pasa 
2019-01-08 11:13:27,507 INFO  [Log] End test: generateInvitation 
2019-01-08 11:13:32,897 INFO  [Log] Sent message successfully.... 
